

Started GET "/" for ::1 at 2015-08-07 20:53:34 +0900

ActiveRecord::PendingMigrationError (

Migrations are pending. To resolve this issue, run:

	bin/rake db:migrate RAILS_ENV=development

):
  activerecord (4.2.1) lib/active_record/migration.rb:393:in `check_pending!'
  activerecord (4.2.1) lib/active_record/migration.rb:374:in `call'
  actionpack (4.2.1) lib/action_dispatch/middleware/callbacks.rb:29:in `block in call'
  activesupport (4.2.1) lib/active_support/callbacks.rb:88:in `call'
  activesupport (4.2.1) lib/active_support/callbacks.rb:88:in `_run_callbacks'
  activesupport (4.2.1) lib/active_support/callbacks.rb:776:in `_run_call_callbacks'
  activesupport (4.2.1) lib/active_support/callbacks.rb:81:in `run_callbacks'
  actionpack (4.2.1) lib/action_dispatch/middleware/callbacks.rb:27:in `call'
  actionpack (4.2.1) lib/action_dispatch/middleware/reloader.rb:73:in `call'
  actionpack (4.2.1) lib/action_dispatch/middleware/remote_ip.rb:78:in `call'
  actionpack (4.2.1) lib/action_dispatch/middleware/debug_exceptions.rb:17:in `call'
  web-console (2.2.1) lib/web_console/middleware.rb:39:in `call'
  actionpack (4.2.1) lib/action_dispatch/middleware/show_exceptions.rb:30:in `call'
  railties (4.2.1) lib/rails/rack/logger.rb:38:in `call_app'
  railties (4.2.1) lib/rails/rack/logger.rb:20:in `block in call'
  activesupport (4.2.1) lib/active_support/tagged_logging.rb:68:in `block in tagged'
  activesupport (4.2.1) lib/active_support/tagged_logging.rb:26:in `tagged'
  activesupport (4.2.1) lib/active_support/tagged_logging.rb:68:in `tagged'
  railties (4.2.1) lib/rails/rack/logger.rb:20:in `call'
  actionpack (4.2.1) lib/action_dispatch/middleware/request_id.rb:21:in `call'
  rack (1.6.4) lib/rack/methodoverride.rb:22:in `call'
  rack (1.6.4) lib/rack/runtime.rb:18:in `call'
  activesupport (4.2.1) lib/active_support/cache/strategy/local_cache_middleware.rb:28:in `call'
  rack (1.6.4) lib/rack/lock.rb:17:in `call'
  actionpack (4.2.1) lib/action_dispatch/middleware/static.rb:113:in `call'
  rack (1.6.4) lib/rack/sendfile.rb:113:in `call'
  railties (4.2.1) lib/rails/engine.rb:518:in `call'
  railties (4.2.1) lib/rails/application.rb:164:in `call'
  rack (1.6.4) lib/rack/lock.rb:17:in `call'
  rack (1.6.4) lib/rack/content_length.rb:15:in `call'
  rack (1.6.4) lib/rack/handler/webrick.rb:88:in `service'
  /Users/admin/.rbenv/versions/2.2.2/lib/ruby/2.2.0/webrick/httpserver.rb:138:in `service'
  /Users/admin/.rbenv/versions/2.2.2/lib/ruby/2.2.0/webrick/httpserver.rb:94:in `run'
  /Users/admin/.rbenv/versions/2.2.2/lib/ruby/2.2.0/webrick/server.rb:294:in `block in start_thread'


  Rendered /Users/admin/.rbenv/versions/2.2.2/lib/ruby/gems/2.2.0/gems/actionpack-4.2.1/lib/action_dispatch/middleware/templates/rescues/_source.erb (1.9ms)
  Rendered /Users/admin/.rbenv/versions/2.2.2/lib/ruby/gems/2.2.0/gems/actionpack-4.2.1/lib/action_dispatch/middleware/templates/rescues/_trace.html.erb (2.2ms)
  Rendered /Users/admin/.rbenv/versions/2.2.2/lib/ruby/gems/2.2.0/gems/actionpack-4.2.1/lib/action_dispatch/middleware/templates/rescues/_request_and_response.html.erb (1.4ms)
  Rendered /Users/admin/.rbenv/versions/2.2.2/lib/ruby/gems/2.2.0/gems/actionpack-4.2.1/lib/action_dispatch/middleware/templates/rescues/diagnostics.html.erb within rescues/layout (84.9ms)
  Rendered /Users/admin/.rbenv/versions/2.2.2/lib/ruby/gems/2.2.0/gems/web-console-2.2.1/lib/web_console/templates/_markup.html.erb (0.7ms)
  Rendered /Users/admin/.rbenv/versions/2.2.2/lib/ruby/gems/2.2.0/gems/web-console-2.2.1/lib/web_console/templates/_inner_console_markup.html.erb within layouts/inlined_string (0.3ms)
  Rendered /Users/admin/.rbenv/versions/2.2.2/lib/ruby/gems/2.2.0/gems/web-console-2.2.1/lib/web_console/templates/_prompt_box_markup.html.erb within layouts/inlined_string (0.3ms)
  Rendered /Users/admin/.rbenv/versions/2.2.2/lib/ruby/gems/2.2.0/gems/web-console-2.2.1/lib/web_console/templates/style.css.erb within layouts/inlined_string (0.3ms)
  Rendered /Users/admin/.rbenv/versions/2.2.2/lib/ruby/gems/2.2.0/gems/web-console-2.2.1/lib/web_console/templates/console.js.erb within layouts/javascript (55.3ms)
  Rendered /Users/admin/.rbenv/versions/2.2.2/lib/ruby/gems/2.2.0/gems/web-console-2.2.1/lib/web_console/templates/main.js.erb within layouts/javascript (0.3ms)
  Rendered /Users/admin/.rbenv/versions/2.2.2/lib/ruby/gems/2.2.0/gems/web-console-2.2.1/lib/web_console/templates/error_page.js.erb within layouts/javascript (0.5ms)
  Rendered /Users/admin/.rbenv/versions/2.2.2/lib/ruby/gems/2.2.0/gems/web-console-2.2.1/lib/web_console/templates/index.html.erb (135.3ms)


Started GET "/" for ::1 at 2015-08-07 20:53:35 +0900

ActiveRecord::PendingMigrationError (

Migrations are pending. To resolve this issue, run:

	bin/rake db:migrate RAILS_ENV=development

):
  activerecord (4.2.1) lib/active_record/migration.rb:393:in `check_pending!'
  activerecord (4.2.1) lib/active_record/migration.rb:374:in `call'
  actionpack (4.2.1) lib/action_dispatch/middleware/callbacks.rb:29:in `block in call'
  activesupport (4.2.1) lib/active_support/callbacks.rb:88:in `call'
  activesupport (4.2.1) lib/active_support/callbacks.rb:88:in `_run_callbacks'
  activesupport (4.2.1) lib/active_support/callbacks.rb:776:in `_run_call_callbacks'
  activesupport (4.2.1) lib/active_support/callbacks.rb:81:in `run_callbacks'
  actionpack (4.2.1) lib/action_dispatch/middleware/callbacks.rb:27:in `call'
  actionpack (4.2.1) lib/action_dispatch/middleware/reloader.rb:73:in `call'
  actionpack (4.2.1) lib/action_dispatch/middleware/remote_ip.rb:78:in `call'
  actionpack (4.2.1) lib/action_dispatch/middleware/debug_exceptions.rb:17:in `call'
  web-console (2.2.1) lib/web_console/middleware.rb:39:in `call'
  actionpack (4.2.1) lib/action_dispatch/middleware/show_exceptions.rb:30:in `call'
  railties (4.2.1) lib/rails/rack/logger.rb:38:in `call_app'
  railties (4.2.1) lib/rails/rack/logger.rb:20:in `block in call'
  activesupport (4.2.1) lib/active_support/tagged_logging.rb:68:in `block in tagged'
  activesupport (4.2.1) lib/active_support/tagged_logging.rb:26:in `tagged'
  activesupport (4.2.1) lib/active_support/tagged_logging.rb:68:in `tagged'
  railties (4.2.1) lib/rails/rack/logger.rb:20:in `call'
  actionpack (4.2.1) lib/action_dispatch/middleware/request_id.rb:21:in `call'
  rack (1.6.4) lib/rack/methodoverride.rb:22:in `call'
  rack (1.6.4) lib/rack/runtime.rb:18:in `call'
  activesupport (4.2.1) lib/active_support/cache/strategy/local_cache_middleware.rb:28:in `call'
  rack (1.6.4) lib/rack/lock.rb:17:in `call'
  actionpack (4.2.1) lib/action_dispatch/middleware/static.rb:113:in `call'
  rack (1.6.4) lib/rack/sendfile.rb:113:in `call'
  railties (4.2.1) lib/rails/engine.rb:518:in `call'
  railties (4.2.1) lib/rails/application.rb:164:in `call'
  rack (1.6.4) lib/rack/lock.rb:17:in `call'
  rack (1.6.4) lib/rack/content_length.rb:15:in `call'
  rack (1.6.4) lib/rack/handler/webrick.rb:88:in `service'
  /Users/admin/.rbenv/versions/2.2.2/lib/ruby/2.2.0/webrick/httpserver.rb:138:in `service'
  /Users/admin/.rbenv/versions/2.2.2/lib/ruby/2.2.0/webrick/httpserver.rb:94:in `run'
  /Users/admin/.rbenv/versions/2.2.2/lib/ruby/2.2.0/webrick/server.rb:294:in `block in start_thread'


  Rendered /Users/admin/.rbenv/versions/2.2.2/lib/ruby/gems/2.2.0/gems/actionpack-4.2.1/lib/action_dispatch/middleware/templates/rescues/_source.erb (2.2ms)
  Rendered /Users/admin/.rbenv/versions/2.2.2/lib/ruby/gems/2.2.0/gems/actionpack-4.2.1/lib/action_dispatch/middleware/templates/rescues/_trace.html.erb (1.8ms)
  Rendered /Users/admin/.rbenv/versions/2.2.2/lib/ruby/gems/2.2.0/gems/actionpack-4.2.1/lib/action_dispatch/middleware/templates/rescues/_request_and_response.html.erb (1.0ms)
  Rendered /Users/admin/.rbenv/versions/2.2.2/lib/ruby/gems/2.2.0/gems/actionpack-4.2.1/lib/action_dispatch/middleware/templates/rescues/diagnostics.html.erb within rescues/layout (60.2ms)
  Rendered /Users/admin/.rbenv/versions/2.2.2/lib/ruby/gems/2.2.0/gems/web-console-2.2.1/lib/web_console/templates/_markup.html.erb (0.3ms)
  Rendered /Users/admin/.rbenv/versions/2.2.2/lib/ruby/gems/2.2.0/gems/web-console-2.2.1/lib/web_console/templates/_inner_console_markup.html.erb within layouts/inlined_string (0.3ms)
  Rendered /Users/admin/.rbenv/versions/2.2.2/lib/ruby/gems/2.2.0/gems/web-console-2.2.1/lib/web_console/templates/_prompt_box_markup.html.erb within layouts/inlined_string (0.3ms)
  Rendered /Users/admin/.rbenv/versions/2.2.2/lib/ruby/gems/2.2.0/gems/web-console-2.2.1/lib/web_console/templates/style.css.erb within layouts/inlined_string (0.3ms)
  Rendered /Users/admin/.rbenv/versions/2.2.2/lib/ruby/gems/2.2.0/gems/web-console-2.2.1/lib/web_console/templates/console.js.erb within layouts/javascript (55.4ms)
  Rendered /Users/admin/.rbenv/versions/2.2.2/lib/ruby/gems/2.2.0/gems/web-console-2.2.1/lib/web_console/templates/main.js.erb within layouts/javascript (0.3ms)
  Rendered /Users/admin/.rbenv/versions/2.2.2/lib/ruby/gems/2.2.0/gems/web-console-2.2.1/lib/web_console/templates/error_page.js.erb within layouts/javascript (0.3ms)
  Rendered /Users/admin/.rbenv/versions/2.2.2/lib/ruby/gems/2.2.0/gems/web-console-2.2.1/lib/web_console/templates/index.html.erb (115.9ms)
  [1m[36m (1.1ms)[0m  [1mCREATE TABLE "schema_migrations" ("version" varchar NOT NULL) [0m
  [1m[35m (0.1ms)[0m  select sqlite_version(*)
  [1m[36m (0.9ms)[0m  [1mCREATE UNIQUE INDEX "unique_schema_migrations" ON "schema_migrations" ("version")[0m
  [1m[35mActiveRecord::SchemaMigration Load (0.2ms)[0m  SELECT "schema_migrations".* FROM "schema_migrations"
Migrating to CreateTweets (20150807115313)
  [1m[36m (0.1ms)[0m  [1mbegin transaction[0m
  [1m[35m (0.5ms)[0m  CREATE TABLE "tweets" ("id" INTEGER PRIMARY KEY AUTOINCREMENT NOT NULL, "name" varchar, "content" varchar, "twi_time" datetime, "created_at" datetime NOT NULL, "updated_at" datetime NOT NULL) 
  [1m[36mSQL (0.2ms)[0m  [1mINSERT INTO "schema_migrations" ("version") VALUES (?)[0m  [["version", "20150807115313"]]
  [1m[35m (0.8ms)[0m  commit transaction
  [1m[36mActiveRecord::SchemaMigration Load (0.1ms)[0m  [1mSELECT "schema_migrations".* FROM "schema_migrations"[0m


Started GET "/" for ::1 at 2015-08-07 20:54:24 +0900
  [1m[36mActiveRecord::SchemaMigration Load (0.2ms)[0m  [1mSELECT "schema_migrations".* FROM "schema_migrations"[0m
Processing by Rails::WelcomeController#index as HTML
  Rendered /Users/admin/.rbenv/versions/2.2.2/lib/ruby/gems/2.2.0/gems/railties-4.2.1/lib/rails/templates/rails/welcome/index.html.erb (1.9ms)
Completed 200 OK in 21ms (Views: 10.0ms | ActiveRecord: 0.0ms)


Started GET "/tweets" for ::1 at 2015-08-07 20:54:52 +0900
Processing by TweetsController#index as HTML
  [1m[35mTweet Load (0.6ms)[0m  SELECT "tweets".* FROM "tweets"
  Rendered tweets/index.html.erb within layouts/application (3.1ms)
Completed 200 OK in 1605ms (Views: 1601.0ms | ActiveRecord: 0.8ms)


Started GET "/assets/scaffolds.self-c5ed695f0ed451ff60a9aa02f52d133a6bb06fe4054510370c7d3337d0784b02.css?body=1" for ::1 at 2015-08-07 20:54:53 +0900


Started GET "/assets/tweets.self-e3b0c44298fc1c149afbf4c8996fb92427ae41e4649b934ca495991b7852b855.css?body=1" for ::1 at 2015-08-07 20:54:53 +0900


Started GET "/assets/tweets.self-877aef30ae1b040ab8a3aba4e3e309a11d7f2612f44dde450b5c157aa5f95c05.js?body=1" for ::1 at 2015-08-07 20:54:53 +0900


Started GET "/assets/application.self-3b8dabdc891efe46b9a144b400ad69e37d7e5876bdc39dee783419a69d7ca819.js?body=1" for ::1 at 2015-08-07 20:54:53 +0900


Started GET "/tweets/new" for ::1 at 2015-08-07 20:57:11 +0900
Processing by TweetsController#new as HTML
  Rendered tweets/_form.html.erb (48.7ms)
  Rendered tweets/new.html.erb within layouts/application (58.4ms)
Completed 200 OK in 106ms (Views: 96.6ms | ActiveRecord: 0.3ms)


Started POST "/tweets" for ::1 at 2015-08-07 20:57:20 +0900
Processing by TweetsController#create as HTML
  Parameters: {"utf8"=>"âœ“", "authenticity_token"=>"Hflrg7Dvfy1+uUnDDObcPFnONyfVXvHdENPBVeR3KyqVv1B7k2JYKpTZ7gH9llV2HZTXM0H5ZlEmZg+Oh93A1w==", "tweet"=>{"name"=>"ã‚", "content"=>"ã‚", "twi_time(1i)"=>"2015", "twi_time(2i)"=>"8", "twi_time(3i)"=>"7", "twi_time(4i)"=>"11", "twi_time(5i)"=>"57"}, "commit"=>"Create Tweet"}
  [1m[36m (0.1ms)[0m  [1mbegin transaction[0m
  [1m[35mSQL (0.8ms)[0m  INSERT INTO "tweets" ("name", "content", "twi_time", "created_at", "updated_at") VALUES (?, ?, ?, ?, ?)  [["name", "ã‚"], ["content", "ã‚"], ["twi_time", "2015-08-07 11:57:00.000000"], ["created_at", "2015-08-07 11:57:20.009200"], ["updated_at", "2015-08-07 11:57:20.009200"]]
  [1m[36m (0.9ms)[0m  [1mcommit transaction[0m
Redirected to http://localhost:3000/tweets/1
Completed 302 Found in 8ms (ActiveRecord: 1.8ms)


Started GET "/tweets/1" for ::1 at 2015-08-07 20:57:20 +0900
Processing by TweetsController#show as HTML
  Parameters: {"id"=>"1"}
  [1m[35mTweet Load (0.2ms)[0m  SELECT  "tweets".* FROM "tweets" WHERE "tweets"."id" = ? LIMIT 1  [["id", 1]]
  Rendered tweets/show.html.erb within layouts/application (1.2ms)
Completed 200 OK in 37ms (Views: 28.5ms | ActiveRecord: 0.2ms)


Started GET "/tweets" for ::1 at 2015-08-07 20:57:22 +0900
Processing by TweetsController#index as HTML
  [1m[36mTweet Load (0.1ms)[0m  [1mSELECT "tweets".* FROM "tweets"[0m
  Rendered tweets/index.html.erb within layouts/application (1.8ms)
Completed 200 OK in 25ms (Views: 23.8ms | ActiveRecord: 0.1ms)


Started GET "/tweets/new" for ::1 at 2015-08-07 20:58:43 +0900
Processing by TweetsController#new as HTML
  Rendered tweets/_form.html.erb (3.8ms)
  Rendered tweets/new.html.erb within layouts/application (5.4ms)
Completed 200 OK in 29ms (Views: 28.1ms | ActiveRecord: 0.0ms)


Started POST "/tweets" for ::1 at 2015-08-07 20:58:47 +0900
Processing by TweetsController#create as HTML
  Parameters: {"utf8"=>"âœ“", "authenticity_token"=>"2JORvLVNYKYNKEVOpcjzNcLNiwUCPGaN2IGe0MSFiXRQ1apElsBHoedI4oxUuHp/hpdrEZab8QHuNFALpy9iiQ==", "tweet"=>{"name"=>"a", "content"=>"a", "twi_time(1i)"=>"2015", "twi_time(2i)"=>"8", "twi_time(3i)"=>"7", "twi_time(4i)"=>"11", "twi_time(5i)"=>"58"}, "commit"=>"Create Tweet"}
  [1m[35m (0.1ms)[0m  begin transaction
  [1m[36mSQL (0.3ms)[0m  [1mINSERT INTO "tweets" ("name", "content", "twi_time", "created_at", "updated_at") VALUES (?, ?, ?, ?, ?)[0m  [["name", "a"], ["content", "a"], ["twi_time", "2015-08-07 11:58:00.000000"], ["created_at", "2015-08-07 11:58:47.214341"], ["updated_at", "2015-08-07 11:58:47.214341"]]
  [1m[35m (0.8ms)[0m  commit transaction
Redirected to http://localhost:3000/tweets/2
Completed 302 Found in 5ms (ActiveRecord: 1.2ms)


Started GET "/tweets/2" for ::1 at 2015-08-07 20:58:47 +0900
Processing by TweetsController#show as HTML
  Parameters: {"id"=>"2"}
  [1m[36mTweet Load (0.1ms)[0m  [1mSELECT  "tweets".* FROM "tweets" WHERE "tweets"."id" = ? LIMIT 1[0m  [["id", 2]]
  Rendered tweets/show.html.erb within layouts/application (0.5ms)
Completed 200 OK in 27ms (Views: 25.9ms | ActiveRecord: 0.1ms)


Started GET "/tweets" for ::1 at 2015-08-07 21:00:56 +0900
Processing by TweetsController#index as HTML
  [1m[35mTweet Load (0.2ms)[0m  SELECT "tweets".* FROM "tweets"
  Rendered tweets/index.html.erb within layouts/application (1.7ms)
Completed 200 OK in 28ms (Views: 27.5ms | ActiveRecord: 0.2ms)


Started GET "/tweets/new" for ::1 at 2015-08-07 21:00:58 +0900
Processing by TweetsController#new as HTML
  Rendered tweets/_form.html.erb (4.6ms)
  Rendered tweets/new.html.erb within layouts/application (6.8ms)
Completed 200 OK in 41ms (Views: 40.3ms | ActiveRecord: 0.0ms)
